\BOOKMARK [1][-]{Doc-Start}{\376\377\004\037\004\076\004\101\004\102\004\060\004\075\004\076\004\062\004\072\004\060\000\040\004\067\004\060\004\064\004\060\004\107\004\070}{}% 1
\BOOKMARK [1][-]{Item.6}{\376\377\004\022\004\062\004\065\004\064\004\065\004\075\004\070\004\065}{}% 2
\BOOKMARK [1][-]{section.1}{\376\377\004\022\004\105\004\076\004\064\004\075\004\113\004\065\000\040\004\064\004\060\004\075\004\075\004\113\004\065\000.\000\040\004\020\004\075\004\060\004\073\004\070\004\067\000\040\004\070\004\101\004\105\004\076\004\064\004\075\004\113\004\105\000\040\004\064\004\060\004\075\004\075\004\113\004\105}{}% 3
\BOOKMARK [2][-]{subsection.1.1}{\376\377\004\057\004\062\004\075\004\060\004\117\000\040\004\070\000\040\004\075\004\065\004\117\004\062\004\075\004\060\004\117\000\040\004\076\004\061\004\100\004\060\004\102\004\075\004\060\004\117\000\040\004\101\004\062\004\117\004\067\004\114}{section.1}% 4
\BOOKMARK [2][-]{subsection.1.2}{\376\377\004\037\004\100\004\070\004\075\004\117\004\102\004\113\004\065\000\040\004\100\004\065\004\110\004\065\004\075\004\070\004\117\000\040\004\076\004\061\000\040\004\070\004\101\004\077\004\076\004\073\004\114\004\067\004\076\004\062\004\060\004\075\004\070\004\070}{section.1}% 5
\BOOKMARK [1][-]{section.2}{\376\377\004\042\004\065\004\076\004\100\004\065\004\102\004\070\004\107\004\065\004\101\004\072\004\070\004\065\000\040\004\076\004\101\004\075\004\076\004\062\004\113\000\040\004\101\004\076\004\067\004\064\004\060\004\075\004\070\004\117\000\040\004\100\004\065\004\072\004\076\004\074\004\065\004\075\004\064\004\060\004\102\004\065\004\073\004\114\004\075\004\113\004\105\000\040\004\101\004\070\004\101\004\102\004\065\004\074}{}% 6
\BOOKMARK [2][-]{subsection.2.1}{\376\377\004\020\004\075\004\060\004\073\004\070\004\067\000\040\004\077\004\076\004\101\004\102\004\060\004\062\004\073\004\065\004\075\004\075\004\076\004\071\000\040\004\067\004\060\004\064\004\060\004\107\004\070}{section.2}% 7
\BOOKMARK [2][-]{subsection.2.2}{\376\377\004\036\004\061\004\067\004\076\004\100\000\040\004\077\004\076\004\064\004\105\004\076\004\064\004\076\004\062\000\040\004\072\000\040\004\101\004\076\004\067\004\064\004\060\004\075\004\070\004\116\000\040\004\100\004\065\004\072\004\076\004\074\004\065\004\075\004\064\004\060\004\102\004\065\004\073\004\114\004\075\004\113\004\105\000\040\004\074\004\076\004\064\004\065\004\073\004\065\004\071}{section.2}% 8
\BOOKMARK [2][-]{subsection.2.3}{\376\377\004\034\004\065\004\102\004\100\004\070\004\072\004\070\000\040\004\076\004\106\004\065\004\075\004\072\004\070\000\040\004\074\004\076\004\064\004\065\004\073\004\065\004\071}{section.2}% 9
\BOOKMARK [1][-]{section.3}{\376\377\004\034\004\076\004\064\004\065\004\073\004\070\000,\000\040\004\070\004\101\004\077\004\076\004\073\004\114\004\067\004\103\004\065\004\074\004\113\004\065\000\040\004\062\000\040\004\101\004\070\004\101\004\102\004\065\004\074\004\065}{}% 10
\BOOKMARK [2][-]{subsection.3.1}{\376\377\004\036\004\061\004\111\004\065\004\065\000\040\004\076\004\077\004\070\004\101\004\060\004\075\004\070\004\065\000\040\004\074\004\076\004\064\004\065\004\073\004\065\004\071}{section.3}% 11
\BOOKMARK [2][-]{subsection.3.2}{\376\377\004\034\004\076\004\064\004\065\004\073\004\114\000\040\000T\000o\000p\000N}{section.3}% 12
\BOOKMARK [2][-]{subsection.3.3}{\376\377\004\034\004\076\004\064\004\065\004\073\004\114\000\040\000A\000L\000S}{section.3}% 13
\BOOKMARK [2][-]{subsection.3.4}{\376\377\004\034\004\076\004\064\004\065\004\073\004\114\000\040\000B\000P\000R}{section.3}% 14
\BOOKMARK [2][-]{subsection.3.5}{\376\377\000\040\004\034\004\076\004\064\004\065\004\073\004\114\000\040\000A\000E}{section.3}% 15
\BOOKMARK [2][-]{subsection.3.6}{\376\377\004\034\004\076\004\064\004\065\004\073\004\114\000\040\000I\000P}{section.3}% 16
\BOOKMARK [2][-]{subsection.3.7}{\376\377\004\034\004\076\004\064\004\065\004\073\004\114\000\040\000U\000I\000P}{section.3}% 17
\BOOKMARK [2][-]{subsection.3.8}{\376\377\004\034\004\076\004\064\004\065\004\073\004\114\000\040\000D\000R\000N}{section.3}% 18
\BOOKMARK [2][-]{subsection.3.9}{\376\377\004\041\004\100\004\060\004\062\004\075\004\070\004\102\004\065\004\073\004\114\004\075\004\113\004\071\000\040\004\060\004\075\004\060\004\073\004\070\004\067\000\040\004\074\004\076\004\064\004\065\004\073\004\065\004\071}{section.3}% 19
\BOOKMARK [1][-]{section.4}{\376\377\004\041\004\076\004\067\004\064\004\060\004\075\004\070\004\065\000\040\004\060\004\075\004\101\004\060\004\074\004\061\004\073\004\117\000\040\004\074\004\076\004\064\004\065\004\073\004\065\004\071}{}% 20
\BOOKMARK [1][-]{table.caption.9}{\376\377\004\027\004\060\004\072\004\073\004\116\004\107\004\065\004\075\004\070\004\065}{}% 21
\BOOKMARK [1][-]{Item.73}{\376\377\004\033\004\070\004\102\004\065\004\100\004\060\004\102\004\103\004\100\004\060}{}% 22
\BOOKMARK [1][-]{section*.11}{\376\377\004\037\004\100\004\070\004\073\004\076\004\066\004\065\004\075\004\070\004\117}{}% 23
\BOOKMARK [2][-]{subsection.4.1}{\376\377\004\037\004\100\004\070\004\073\004\076\004\066\004\065\004\075\004\070\004\065\000\040\0001\000.\000\040\004\041\004\101\004\113\004\073\004\072\004\060\000\040\004\075\004\060\000\040\004\072\004\076\004\064\000\040\004\077\004\100\004\076\004\065\004\072\004\102\004\060\000.}{section*.11}% 24
\BOOKMARK [2][-]{subsection.4.2}{\376\377\004\037\004\100\004\070\004\073\004\076\004\066\004\065\004\075\004\070\004\065\000\040\0002\000.\000\040\004\041\004\101\004\113\004\073\004\072\004\060\000\040\004\075\004\060\000\040\004\062\004\070\004\064\004\065\004\076\004\077\004\100\004\065\004\067\004\065\004\075\004\102\004\060\004\106\004\070\004\116\000\040\004\034\004\032\004\036\000-\0002\0000\0002\0002\000.}{section*.11}% 25
